c:\users\thoma\documents\github\swo_c\swo_c\swo_c\debug\vc142.pdb
c:\users\thoma\documents\github\swo_c\swo_c\swo_c\debug\vc142.idb
c:\users\thoma\documents\github\swo_c\swo_c\swo_c\debug\main.obj
c:\users\thoma\documents\github\swo_c\swo_c\swo_c\debug\cstrings.obj
c:\users\thoma\documents\github\swo_c\swo_c\swo_c\debug\main.obj.enc
c:\users\thoma\documents\github\swo_c\swo_c\debug\swo_c.pdb
c:\users\thoma\documents\github\swo_c\swo_c\swo_c\debug\swo_c.tlog\cl.command.1.tlog
c:\users\thoma\documents\github\swo_c\swo_c\swo_c\debug\swo_c.tlog\cl.read.1.tlog
c:\users\thoma\documents\github\swo_c\swo_c\swo_c\debug\swo_c.tlog\cl.write.1.tlog
c:\users\thoma\documents\github\swo_c\swo_c\swo_c\debug\swo_c.tlog\link-cvtres.read.1.tlog
c:\users\thoma\documents\github\swo_c\swo_c\swo_c\debug\swo_c.tlog\link-cvtres.write.1.tlog
c:\users\thoma\documents\github\swo_c\swo_c\swo_c\debug\swo_c.tlog\link-rc.read.1.tlog
c:\users\thoma\documents\github\swo_c\swo_c\swo_c\debug\swo_c.tlog\link-rc.write.1.tlog
c:\users\thoma\documents\github\swo_c\swo_c\swo_c\debug\swo_c.tlog\link.23388-cvtres.read.1.tlog
c:\users\thoma\documents\github\swo_c\swo_c\swo_c\debug\swo_c.tlog\link.23388-cvtres.write.1.tlog
c:\users\thoma\documents\github\swo_c\swo_c\swo_c\debug\swo_c.tlog\link.23388-rc.read.1.tlog
c:\users\thoma\documents\github\swo_c\swo_c\swo_c\debug\swo_c.tlog\link.23388-rc.write.1.tlog
c:\users\thoma\documents\github\swo_c\swo_c\swo_c\debug\swo_c.tlog\link.23388.read.1.tlog
c:\users\thoma\documents\github\swo_c\swo_c\swo_c\debug\swo_c.tlog\link.23388.write.1.tlog
c:\users\thoma\documents\github\swo_c\swo_c\swo_c\debug\swo_c.tlog\link.command.1.tlog
c:\users\thoma\documents\github\swo_c\swo_c\swo_c\debug\swo_c.tlog\link.read.1.tlog
c:\users\thoma\documents\github\swo_c\swo_c\swo_c\debug\swo_c.tlog\link.write.1.tlog
